        -:    0:Source:/home/minerkow/Рабочий стол/CS_Programm/AVL_Tree/test/main.cpp
        -:    0:Graph:/home/minerkow/Рабочий стол/CS_Programm/AVL_Tree/cmake-build-debug/CMakeFiles/AVL_Tree_Test.dir/test/main.gcno
        -:    0:Data:/home/minerkow/Рабочий стол/CS_Programm/AVL_Tree/cmake-build-debug/CMakeFiles/AVL_Tree_Test.dir/test/main.gcda
        -:    0:Runs:1
        -:    1:#include <gtest/gtest.h>
        -:    2:
        1:    3:int main() {
        1:    4:    testing::InitGoogleTest();
        1:    4-block  0
        1:    5:    return RUN_ALL_TESTS();
        -:    6:}
